#
# There is insufficient memory for the Java Runtime Environment to continue.
# Native memory allocation (malloc) failed to allocate 1330096 bytes for Chunk::new
# Possible reasons:
#   The system is out of physical RAM or swap space
#   The process is running with CompressedOops enabled, and the Java Heap may be blocking the growth of the native heap
# Possible solutions:
#   Reduce memory load on the system
#   Increase physical memory or swap space
#   Check if swap backing store is full
#   Decrease Java heap size (-Xmx/-Xms)
#   Decrease number of Java threads
#   Decrease Java thread stack sizes (-Xss)
#   Set larger code cache with -XX:ReservedCodeCacheSize=
#   JVM is running with Unscaled Compressed Oops mode in which the Java heap is
#     placed in the first 4GB address space. The Java Heap base address is the
#     maximum limit for the native heap growth. Please use -XX:HeapBaseMinAddress
#     to set the Java Heap base and to place the Java Heap above 4GB virtual address.
# This output file may be truncated or incomplete.
#
#  Out of Memory Error (arena.cpp:184), pid=2264, tid=15032
#
# JRE version: Java(TM) SE Runtime Environment (18.0.2.1+1) (build 18.0.2.1+1-1)
# Java VM: Java HotSpot(TM) 64-Bit Server VM (18.0.2.1+1-1, mixed mode, sharing, tiered, compressed oops, compressed class ptrs, g1 gc, windows-amd64)
# No core dump will be written. Minidumps are not enabled by default on client versions of Windows
#

---------------  S U M M A R Y ------------

Command Line: org.jetbrains.kotlin.cli.jvm.K2JVMCompiler @D:\Android\projects\AndroidStudioProjects\Notes\app\build\20220926_682309983085238549.compiler.options

Host: Intel(R) Core(TM) i5-8250U CPU @ 1.60GHz, 8 cores, 7G,  Windows 10 , 64 bit Build 19041 (10.0.19041.1503)
Time: Mon Sep 26 11:30:20 2022 Belarus Standard Time elapsed time: 6.057908 seconds (0d 0h 0m 6s)

---------------  T H R E A D  ---------------

Current thread (0x0000018947721440):  JavaThread "C2 CompilerThread1" daemon [_thread_in_native, id=15032, stack(0x0000007a50900000,0x0000007a50a00000)]


Current CompileTask:
C2:   6057 3527   !   4       jdk.internal.loader.BuiltinClassLoader::findClassOnClassPathOrNull (64 bytes)

Stack: [0x0000007a50900000,0x0000007a50a00000]
Native frames: (J=compiled Java code, j=interpreted, Vv=VM code, C=native code)
V  [jvm.dll+0x6993aa]
V  [jvm.dll+0x7f46dd]
V  [jvm.dll+0x7f5fee]
V  [jvm.dll+0x7f66a3]
V  [jvm.dll+0x25cf1f]
V  [jvm.dll+0xb8c2f]
V  [jvm.dll+0xb8fa5]
V  [jvm.dll+0x386091]
V  [jvm.dll+0x1d2b72]
V  [jvm.dll+0x230259]
V  [jvm.dll+0x22f4d1]
V  [jvm.dll+0x1ba01c]
V  [jvm.dll+0x23ee0a]
V  [jvm.dll+0x23d0f5]
V  [jvm.dll+0x7a6dd1]
V  [jvm.dll+0x7a120a]
V  [jvm.dll+0x698255]
C  [ucrtbase.dll+0x21bb2]
C  [KERNEL32.DLL+0x17034]
C  [ntdll.dll+0x52651]


---------------  P R O C E S S  ---------------

Threads class SMR info:
_java_thread_list=0x00000189469a3a70, length=13, elements={
0x00000189238dfd40, 0x0000018941a2d3d0, 0x0000018941a2df40, 0x0000018941a47910,
0x0000018941a481c0, 0x0000018941a48a70, 0x0000018941a4b330, 0x0000018941a506c0,
0x0000018941a5dc00, 0x0000018941a60930, 0x0000018945c9aef0, 0x0000018945ca0050,
0x0000018947721440
}

Java Threads: ( => current thread )
  0x00000189238dfd40 JavaThread "main" [_thread_in_vm, id=14884, stack(0x0000007a4ee00000,0x0000007a4ef00000)]
  0x0000018941a2d3d0 JavaThread "Reference Handler" daemon [_thread_blocked, id=13320, stack(0x0000007a4f500000,0x0000007a4f600000)]
  0x0000018941a2df40 JavaThread "Finalizer" daemon [_thread_blocked, id=15244, stack(0x0000007a4f600000,0x0000007a4f700000)]
  0x0000018941a47910 JavaThread "Signal Dispatcher" daemon [_thread_blocked, id=3268, stack(0x0000007a4f700000,0x0000007a4f800000)]
  0x0000018941a481c0 JavaThread "Attach Listener" daemon [_thread_blocked, id=14540, stack(0x0000007a4f800000,0x0000007a4f900000)]
  0x0000018941a48a70 JavaThread "Service Thread" daemon [_thread_blocked, id=15028, stack(0x0000007a4f900000,0x0000007a4fa00000)]
  0x0000018941a4b330 JavaThread "Monitor Deflation Thread" daemon [_thread_blocked, id=7332, stack(0x0000007a4fa00000,0x0000007a4fb00000)]
  0x0000018941a506c0 JavaThread "C2 CompilerThread0" daemon [_thread_in_vm, id=10484, stack(0x0000007a4fb00000,0x0000007a4fc00000)]
  0x0000018941a5dc00 JavaThread "C1 CompilerThread0" daemon [_thread_blocked, id=12004, stack(0x0000007a4fc00000,0x0000007a4fd00000)]
  0x0000018941a60930 JavaThread "Sweeper thread" daemon [_thread_blocked, id=13840, stack(0x0000007a4fd00000,0x0000007a4fe00000)]
  0x0000018945c9aef0 JavaThread "Notification Thread" daemon [_thread_blocked, id=7852, stack(0x0000007a4fe00000,0x0000007a4ff00000)]
  0x0000018945ca0050 JavaThread "Common-Cleaner" daemon [_thread_blocked, id=11072, stack(0x0000007a50000000,0x0000007a50100000)]
=>0x0000018947721440 JavaThread "C2 CompilerThread1" daemon [_thread_in_native, id=15032, stack(0x0000007a50900000,0x0000007a50a00000)]

Other Threads:
  0x0000018941a294b0 VMThread "VM Thread" [stack: 0x0000007a4f400000,0x0000007a4f500000] [id=12416]
  0x0000018945c9f000 WatcherThread "VM Periodic Task Thread" [stack: 0x0000007a4ff00000,0x0000007a50000000] [id=5088]
  0x000001892393e550 WorkerThread "GC Thread#0" [stack: 0x0000007a4ef00000,0x0000007a4f000000] [id=13224]
  0x000001894621a870 WorkerThread "GC Thread#1" [stack: 0x0000007a50200000,0x0000007a50300000] [id=3808]
  0x000001894621ab10 WorkerThread "GC Thread#2" [stack: 0x0000007a50300000,0x0000007a50400000] [id=5656]
  0x00000189462d6c00 WorkerThread "GC Thread#3" [stack: 0x0000007a50400000,0x0000007a50500000] [id=8812]
  0x00000189462d92c0 WorkerThread "GC Thread#4" [stack: 0x0000007a50500000,0x0000007a50600000] [id=7480]
  0x000001894670eb30 WorkerThread "GC Thread#5" [stack: 0x0000007a50100000,0x0000007a50200000] [id=3368]
  0x0000018946923110 WorkerThread "GC Thread#6" [stack: 0x0000007a50600000,0x0000007a50700000] [id=3804]
  0x00000189469233b0 WorkerThread "GC Thread#7" [stack: 0x0000007a50700000,0x0000007a50800000] [id=14040]
  0x0000018923951030 ConcurrentGCThread "G1 Main Marker" [stack: 0x0000007a4f000000,0x0000007a4f100000] [id=15068]
  0x00000189239520d0 WorkerThread "G1 Conc#0" [stack: 0x0000007a4f100000,0x0000007a4f200000] [id=13400]
  0x0000018946e39740 WorkerThread "G1 Conc#1" [stack: 0x0000007a50800000,0x0000007a50900000] [id=8924]
  0x00000189239a4260 ConcurrentGCThread "G1 Refine#0" [stack: 0x0000007a4f200000,0x0000007a4f300000] [id=9760]
  0x00000189239a4a80 ConcurrentGCThread "G1 Service" [stack: 0x0000007a4f300000,0x0000007a4f400000] [id=13292]

Threads with active compile tasks:
C2 CompilerThread0     6087 3619       4       java.lang.StringUTF16::compress (50 bytes)
C2 CompilerThread1     6087 3527   !   4       jdk.internal.loader.BuiltinClassLoader::findClassOnClassPathOrNull (64 bytes)

VM state: not at safepoint (normal execution)

VM Mutex/Monitor currently owned by a thread: None

Heap address: 0x0000000081c00000, size: 2020 MB, Compressed Oops mode: 32-bit

CDS archive(s) mapped at: [0x0000000800000000-0x0000000800ba0000-0x0000000800ba0000), size 12189696, SharedBaseAddress: 0x0000000800000000, ArchiveRelocationMode: 0.
Compressed class space mapped at: 0x0000000800c00000-0x0000000840c00000, reserved size: 1073741824
Narrow klass base: 0x0000000800000000, Narrow klass shift: 0, Narrow klass range: 0x100000000

GC Precious Log:
 CardTable entry size: 512
 Card Set container configuration: InlinePtr #cards 5 size 8 Array Of Cards #cards 12 size 40 Howl #buckets 4 coarsen threshold 1843 Howl Bitmap #cards 512 size 80 coarsen threshold 460 Card regions per heap region 1 cards per card region 2048
 CPUs: 8 total, 8 available
 Memory: 8074M
 Large Page Support: Disabled
 NUMA Support: Disabled
 Compressed Oops: Enabled (32-bit)
 Heap Region Size: 1M
 Heap Min Capacity: 8M
 Heap Initial Capacity: 128M
 Heap Max Capacity: 2020M
 Pre-touch: Disabled
 Parallel Workers: 8
 Concurrent Workers: 2
 Concurrent Refinement Workers: 8
 Periodic GC: Disabled

Heap:
 garbage-first heap   total 96256K, used 46080K [0x0000000081c00000, 0x0000000100000000)
  region size 1024K, 24 young (24576K), 6 survivors (6144K)
 Metaspace       used 39672K, committed 40448K, reserved 1114112K
  class space    used 5018K, committed 5440K, reserved 1048576K

Heap Regions: E=young(eden), S=young(survivor), O=old, HS=humongous(starts), HC=humongous(continues), CS=collection set, F=free, OA=open archive, CA=closed archive, TAMS=top-at-mark-start (previous, next)
|   0|0x0000000081c00000, 0x0000000081d00000, 0x0000000081d00000|100%|HS|  |TAMS 0x0000000081d00000, 0x0000000081c00000| Complete 
|   1|0x0000000081d00000, 0x0000000081e00000, 0x0000000081e00000|100%|HC|  |TAMS 0x0000000081e00000, 0x0000000081d00000| Complete 
|   2|0x0000000081e00000, 0x0000000081f00000, 0x0000000081f00000|100%|HC|  |TAMS 0x0000000081f00000, 0x0000000081e00000| Complete 
|   3|0x0000000081f00000, 0x0000000082000000, 0x0000000082000000|100%| O|  |TAMS 0x0000000082000000, 0x0000000081f00000| Untracked 
|   4|0x0000000082000000, 0x0000000082100000, 0x0000000082100000|100%| O|  |TAMS 0x0000000082100000, 0x0000000082000000| Untracked 
|   5|0x0000000082100000, 0x0000000082200000, 0x0000000082200000|100%| O|  |TAMS 0x0000000082200000, 0x0000000082100000| Untracked 
|   6|0x0000000082200000, 0x0000000082200000, 0x0000000082300000|  0%| F|  |TAMS 0x0000000082200000, 0x0000000082200000| Untracked 
|   7|0x0000000082300000, 0x0000000082400000, 0x0000000082400000|100%|HS|  |TAMS 0x0000000082400000, 0x0000000082300000| Complete 
|   8|0x0000000082400000, 0x0000000082500000, 0x0000000082500000|100%|HC|  |TAMS 0x0000000082500000, 0x0000000082400000| Complete 
|   9|0x0000000082500000, 0x0000000082600000, 0x0000000082600000|100%|HC|  |TAMS 0x0000000082600000, 0x0000000082500000| Complete 
|  10|0x0000000082600000, 0x0000000082700000, 0x0000000082700000|100%|HS|  |TAMS 0x0000000082600000, 0x0000000082600000| Complete 
|  11|0x0000000082700000, 0x0000000082800000, 0x0000000082800000|100%|HC|  |TAMS 0x0000000082700000, 0x0000000082700000| Complete 
|  12|0x0000000082800000, 0x0000000082900000, 0x0000000082900000|100%| O|  |TAMS 0x0000000082900000, 0x0000000082800000| Untracked 
|  13|0x0000000082900000, 0x0000000082a00000, 0x0000000082a00000|100%| O|  |TAMS 0x0000000082a00000, 0x0000000082900000| Untracked 
|  14|0x0000000082a00000, 0x0000000082b00000, 0x0000000082b00000|100%| O|  |TAMS 0x0000000082b00000, 0x0000000082a00000| Untracked 
|  15|0x0000000082b00000, 0x0000000082c00000, 0x0000000082c00000|100%| O|  |TAMS 0x0000000082c00000, 0x0000000082b00000| Untracked 
|  16|0x0000000082c00000, 0x0000000082d00000, 0x0000000082d00000|100%| O|  |TAMS 0x0000000082d00000, 0x0000000082c00000| Untracked 
|  17|0x0000000082d00000, 0x0000000082e00000, 0x0000000082e00000|100%| O|  |TAMS 0x0000000082e00000, 0x0000000082d00000| Untracked 
|  18|0x0000000082e00000, 0x0000000082e00000, 0x0000000082f00000|  0%| F|  |TAMS 0x0000000082e00000, 0x0000000082e00000| Untracked 
|  19|0x0000000082f00000, 0x0000000082f00000, 0x0000000083000000|  0%| F|  |TAMS 0x0000000082f00000, 0x0000000082f00000| Untracked 
|  20|0x0000000083000000, 0x0000000083000000, 0x0000000083100000|  0%| F|  |TAMS 0x0000000083000000, 0x0000000083000000| Untracked 
|  21|0x0000000083100000, 0x0000000083100000, 0x0000000083200000|  0%| F|  |TAMS 0x0000000083100000, 0x0000000083100000| Untracked 
|  22|0x0000000083200000, 0x0000000083200000, 0x0000000083300000|  0%| F|  |TAMS 0x0000000083200000, 0x0000000083200000| Untracked 
|  23|0x0000000083300000, 0x0000000083400000, 0x0000000083400000|100%| O|  |TAMS 0x0000000083400000, 0x0000000083300000| Untracked 
|  24|0x0000000083400000, 0x0000000083500000, 0x0000000083500000|100%| O|  |TAMS 0x0000000083500000, 0x0000000083400000| Untracked 
|  25|0x0000000083500000, 0x0000000083600000, 0x0000000083600000|100%| O|  |TAMS 0x0000000083600000, 0x0000000083500000| Untracked 
|  26|0x0000000083600000, 0x0000000083700000, 0x0000000083700000|100%| O|  |TAMS 0x0000000083700000, 0x0000000083600000| Untracked 
|  27|0x0000000083700000, 0x0000000083800000, 0x0000000083800000|100%| O|  |TAMS 0x0000000083800000, 0x0000000083700000| Untracked 
|  28|0x0000000083800000, 0x0000000083800000, 0x0000000083900000|  0%| F|  |TAMS 0x0000000083800000, 0x0000000083800000| Untracked 
|  29|0x0000000083900000, 0x0000000083900000, 0x0000000083a00000|  0%| F|  |TAMS 0x0000000083900000, 0x0000000083900000| Untracked 
|  30|0x0000000083a00000, 0x0000000083a00000, 0x0000000083b00000|  0%| F|  |TAMS 0x0000000083a00000, 0x0000000083a00000| Untracked 
|  31|0x0000000083b00000, 0x0000000083b00000, 0x0000000083c00000|  0%| F|  |TAMS 0x0000000083b00000, 0x0000000083b00000| Untracked 
|  32|0x0000000083c00000, 0x0000000083c00000, 0x0000000083d00000|  0%| F|  |TAMS 0x0000000083c00000, 0x0000000083c00000| Untracked 
|  33|0x0000000083d00000, 0x0000000083d00000, 0x0000000083e00000|  0%| F|  |TAMS 0x0000000083d00000, 0x0000000083d00000| Untracked 
|  34|0x0000000083e00000, 0x0000000083e00000, 0x0000000083f00000|  0%| F|  |TAMS 0x0000000083e00000, 0x0000000083e00000| Untracked 
|  35|0x0000000083f00000, 0x0000000083f00000, 0x0000000084000000|  0%| F|  |TAMS 0x0000000083f00000, 0x0000000083f00000| Untracked 
|  36|0x0000000084000000, 0x0000000084000000, 0x0000000084100000|  0%| F|  |TAMS 0x0000000084000000, 0x0000000084000000| Untracked 
|  37|0x0000000084100000, 0x0000000084100000, 0x0000000084200000|  0%| F|  |TAMS 0x0000000084100000, 0x0000000084100000| Untracked 
|  38|0x0000000084200000, 0x0000000084200000, 0x0000000084300000|  0%| F|  |TAMS 0x0000000084200000, 0x0000000084200000| Untracked 
|  39|0x0000000084300000, 0x0000000084300000, 0x0000000084400000|  0%| F|  |TAMS 0x0000000084300000, 0x0000000084300000| Untracked 
|  40|0x0000000084400000, 0x0000000084400000, 0x0000000084500000|  0%| F|  |TAMS 0x0000000084400000, 0x0000000084400000| Untracked 
|  41|0x0000000084500000, 0x0000000084500000, 0x0000000084600000|  0%| F|  |TAMS 0x0000000084500000, 0x0000000084500000| Untracked 
|  42|0x0000000084600000, 0x0000000084600000, 0x0000000084700000|  0%| F|  |TAMS 0x0000000084600000, 0x0000000084600000| Untracked 
|  43|0x0000000084700000, 0x0000000084700000, 0x0000000084800000|  0%| F|  |TAMS 0x0000000084700000, 0x0000000084700000| Untracked 
|  44|0x0000000084800000, 0x0000000084800000, 0x0000000084900000|  0%| F|  |TAMS 0x0000000084800000, 0x0000000084800000| Untracked 
|  45|0x0000000084900000, 0x0000000084900000, 0x0000000084a00000|  0%| F|  |TAMS 0x0000000084900000, 0x0000000084900000| Untracked 
|  46|0x0000000084a00000, 0x0000000084a00000, 0x0000000084b00000|  0%| F|  |TAMS 0x0000000084a00000, 0x0000000084a00000| Untracked 
|  47|0x0000000084b00000, 0x0000000084b00000, 0x0000000084c00000|  0%| F|  |TAMS 0x0000000084b00000, 0x0000000084b00000| Untracked 
|  48|0x0000000084c00000, 0x0000000084c00000, 0x0000000084d00000|  0%| F|  |TAMS 0x0000000084c00000, 0x0000000084c00000| Untracked 
|  49|0x0000000084d00000, 0x0000000084d00000, 0x0000000084e00000|  0%| F|  |TAMS 0x0000000084d00000, 0x0000000084d00000| Untracked 
|  50|0x0000000084e00000, 0x0000000084e00000, 0x0000000084f00000|  0%| F|  |TAMS 0x0000000084e00000, 0x0000000084e00000| Untracked 
|  51|0x0000000084f00000, 0x0000000084f00000, 0x0000000085000000|  0%| F|  |TAMS 0x0000000084f00000, 0x0000000084f00000| Untracked 
|  52|0x0000000085000000, 0x0000000085100000, 0x0000000085100000|100%| S|CS|TAMS 0x0000000085000000, 0x0000000085000000| Complete 
|  53|0x0000000085100000, 0x0000000085200000, 0x0000000085200000|100%| S|CS|TAMS 0x0000000085100000, 0x0000000085100000| Complete 
|  54|0x0000000085200000, 0x0000000085300000, 0x0000000085300000|100%| S|CS|TAMS 0x0000000085200000, 0x0000000085200000| Complete 
|  55|0x0000000085300000, 0x0000000085400000, 0x0000000085400000|100%| S|CS|TAMS 0x0000000085300000, 0x0000000085300000| Complete 
|  56|0x0000000085400000, 0x0000000085500000, 0x0000000085500000|100%| S|CS|TAMS 0x0000000085400000, 0x0000000085400000| Complete 
|  57|0x0000000085500000, 0x0000000085600000, 0x0000000085600000|100%| S|CS|TAMS 0x0000000085500000, 0x0000000085500000| Complete 
|  58|0x0000000085600000, 0x0000000085600000, 0x0000000085700000|  0%| F|  |TAMS 0x0000000085600000, 0x0000000085600000| Untracked 
|  59|0x0000000085700000, 0x0000000085700000, 0x0000000085800000|  0%| F|  |TAMS 0x0000000085700000, 0x0000000085700000| Untracked 
|  60|0x0000000085800000, 0x0000000085800000, 0x0000000085900000|  0%| F|  |TAMS 0x0000000085800000, 0x0000000085800000| Untracked 
|  61|0x0000000085900000, 0x0000000085900000, 0x0000000085a00000|  0%| F|  |TAMS 0x0000000085900000, 0x0000000085900000| Untracked 
|  62|0x0000000085a00000, 0x0000000085a00000, 0x0000000085b00000|  0%| F|  |TAMS 0x0000000085a00000, 0x0000000085a00000| Untracked 
|  63|0x0000000085b00000, 0x0000000085b00000, 0x0000000085c00000|  0%| F|  |TAMS 0x0000000085b00000, 0x0000000085b00000| Untracked 
|  64|0x0000000085c00000, 0x0000000085c00000, 0x0000000085d00000|  0%| F|  |TAMS 0x0000000085c00000, 0x0000000085c00000| Untracked 
|  65|0x0000000085d00000, 0x0000000085d00000, 0x0000000085e00000|  0%| F|  |TAMS 0x0000000085d00000, 0x0000000085d00000| Untracked 
|  66|0x0000000085e00000, 0x0000000085e00000, 0x0000000085f00000|  0%| F|  |TAMS 0x0000000085e00000, 0x0000000085e00000| Untracked 
|  67|0x0000000085f00000, 0x0000000085f00000, 0x0000000086000000|  0%| F|  |TAMS 0x0000000085f00000, 0x0000000085f00000| Untracked 
|  68|0x0000000086000000, 0x0000000086000000, 0x0000000086100000|  0%| F|  |TAMS 0x0000000086000000, 0x0000000086000000| Untracked 
|  69|0x0000000086100000, 0x0000000086100000, 0x0000000086200000|  0%| F|  |TAMS 0x0000000086100000, 0x0000000086100000| Untracked 
|  70|0x0000000086200000, 0x0000000086200000, 0x0000000086300000|  0%| F|  |TAMS 0x0000000086200000, 0x0000000086200000| Untracked 
|  71|0x0000000086300000, 0x0000000086300000, 0x0000000086400000|  0%| F|  |TAMS 0x0000000086300000, 0x0000000086300000| Untracked 
|  72|0x0000000086400000, 0x0000000086400000, 0x0000000086500000|  0%| F|  |TAMS 0x0000000086400000, 0x0000000086400000| Untracked 
|  73|0x0000000086500000, 0x0000000086500000, 0x0000000086600000|  0%| F|  |TAMS 0x0000000086500000, 0x0000000086500000| Untracked 
|  74|0x0000000086600000, 0x0000000086600000, 0x0000000086700000|  0%| F|  |TAMS 0x0000000086600000, 0x0000000086600000| Untracked 
|  75|0x0000000086700000, 0x0000000086700000, 0x0000000086800000|  0%| F|  |TAMS 0x0000000086700000, 0x0000000086700000| Untracked 
|  76|0x0000000086800000, 0x0000000086900000, 0x0000000086900000|100%| E|  |TAMS 0x0000000086800000, 0x0000000086800000| Complete 
|  77|0x0000000086900000, 0x0000000086a00000, 0x0000000086a00000|100%| E|CS|TAMS 0x0000000086900000, 0x0000000086900000| Complete 
|  78|0x0000000086a00000, 0x0000000086b00000, 0x0000000086b00000|100%| E|CS|TAMS 0x0000000086a00000, 0x0000000086a00000| Complete 
|  79|0x0000000086b00000, 0x0000000086c00000, 0x0000000086c00000|100%| E|CS|TAMS 0x0000000086b00000, 0x0000000086b00000| Complete 
|  80|0x0000000086c00000, 0x0000000086d00000, 0x0000000086d00000|100%| E|CS|TAMS 0x0000000086c00000, 0x0000000086c00000| Complete 
|  81|0x0000000086d00000, 0x0000000086e00000, 0x0000000086e00000|100%| E|CS|TAMS 0x0000000086d00000, 0x0000000086d00000| Complete 
|  82|0x0000000086e00000, 0x0000000086f00000, 0x0000000086f00000|100%| E|CS|TAMS 0x0000000086e00000, 0x0000000086e00000| Complete 
|  83|0x0000000086f00000, 0x0000000087000000, 0x0000000087000000|100%| E|CS|TAMS 0x0000000086f00000, 0x0000000086f00000| Complete 
|  84|0x0000000087000000, 0x0000000087100000, 0x0000000087100000|100%| E|CS|TAMS 0x0000000087000000, 0x0000000087000000| Complete 
|  85|0x0000000087100000, 0x0000000087200000, 0x0000000087200000|100%| E|CS|TAMS 0x0000000087100000, 0x0000000087100000| Complete 
|  86|0x0000000087200000, 0x0000000087300000, 0x0000000087300000|100%| E|CS|TAMS 0x0000000087200000, 0x0000000087200000| Complete 
|  87|0x0000000087300000, 0x0000000087400000, 0x0000000087400000|100%| E|CS|TAMS 0x0000000087300000, 0x0000000087300000| Complete 
|  88|0x0000000087400000, 0x0000000087500000, 0x0000000087500000|100%| E|CS|TAMS 0x0000000087400000, 0x0000000087400000| Complete 
|  89|0x0000000087500000, 0x0000000087600000, 0x0000000087600000|100%| E|CS|TAMS 0x0000000087500000, 0x0000000087500000| Complete 
|  90|0x0000000087600000, 0x0000000087700000, 0x0000000087700000|100%| E|CS|TAMS 0x0000000087600000, 0x0000000087600000| Complete 
|  94|0x0000000087a00000, 0x0000000087b00000, 0x0000000087b00000|100%| E|CS|TAMS 0x0000000087a00000, 0x0000000087a00000| Complete 
|  98|0x0000000087e00000, 0x0000000087f00000, 0x0000000087f00000|100%| E|CS|TAMS 0x0000000087e00000, 0x0000000087e00000| Complete 
| 127|0x0000000089b00000, 0x0000000089c00000, 0x0000000089c00000|100%| E|CS|TAMS 0x0000000089b00000, 0x0000000089b00000| Complete 

Card table byte_map: [0x000001893a950000,0x000001893ad50000] _byte_map_base: 0x000001893a542000

Marking Bits (Prev, Next): (CMBitMap*) 0x000001892393fa70, (CMBitMap*) 0x000001892393fab0
 Prev Bits: [0x000001893b150000, 0x000001893d0e0000)
 Next Bits: [0x000001893d0e0000, 0x000001893f070000)

Polling page: 0x00000189218a0000

Metaspace:

Usage:
  Non-class:     33.88 MB used.
      Class:      4.91 MB used.
       Both:     38.79 MB used.

Virtual space:
  Non-class space:       64.00 MB reserved,      34.25 MB ( 54%) committed,  1 nodes.
      Class space:        1.00 GB reserved,       5.31 MB ( <1%) committed,  1 nodes.
             Both:        1.06 GB reserved,      39.56 MB (  4%) committed. 

Chunk freelists:
   Non-Class:  1.55 MB
       Class:  2.59 MB
        Both:  4.14 MB

MaxMetaspaceSize: unlimited
CompressedClassSpaceSize: 1.00 GB
Initial GC threshold: 21.00 MB
Current GC threshold: 59.38 MB
CDS: on
MetaspaceReclaimPolicy: balanced
 - commit_granule_bytes: 65536.
 - commit_granule_words: 8192.
 - virtual_space_node_default_size: 8388608.
 - enlarge_chunks_in_place: 1.
 - new_chunks_are_fully_committed: 0.
 - uncommit_free_chunks: 1.
 - use_allocation_guard: 0.


Internal statistics:

num_allocs_failed_limit: 6.
num_arena_births: 1230.
num_arena_deaths: 0.
num_vsnodes_births: 2.
num_vsnodes_deaths: 0.
num_space_committed: 632.
num_space_uncommitted: 0.
num_chunks_returned_to_freelist: 6.
num_chunks_taken_from_freelist: 2799.
num_chunk_merges: 6.
num_chunk_splits: 2033.
num_chunks_enlarged: 1444.
num_inconsistent_stats: 0.

CodeHeap 'non-profiled nmethods': size=120000Kb used=1562Kb max_used=1562Kb free=118437Kb
 bounds [0x0000018932cf0000, 0x0000018932f60000, 0x000001893a220000]
CodeHeap 'profiled nmethods': size=120000Kb used=7518Kb max_used=7518Kb free=112481Kb
 bounds [0x000001892b7c0000, 0x000001892bf20000, 0x0000018932cf0000]
CodeHeap 'non-nmethods': size=5760Kb used=1287Kb max_used=1348Kb free=4472Kb
 bounds [0x000001892b220000, 0x000001892b490000, 0x000001892b7c0000]
 total_blobs=4358 nmethods=3765 adapters=505
 compilation: enabled
              stopped_count=0, restarted_count=0
 full_count=0

Compilation events (20 events):
Event: 6.034 Thread 0x0000018941a5dc00 nmethod 3771 0x000001892bef1710 code [0x000001892bef18c0, 0x000001892bef1b98]
Event: 6.034 Thread 0x0000018941a5dc00 3772       3       org.jetbrains.kotlin.protobuf.SmallSortedMap$EntrySet::<init> (10 bytes)
Event: 6.035 Thread 0x0000018941a5dc00 nmethod 3772 0x000001892bef1d10 code [0x000001892bef1ec0, 0x000001892bef2138]
Event: 6.035 Thread 0x0000018941a5dc00 3773       3       org.jetbrains.kotlin.protobuf.SmallSortedMap$EntrySet::iterator (13 bytes)
Event: 6.035 Thread 0x0000018941a5dc00 nmethod 3773 0x000001892bef2290 code [0x000001892bef2440, 0x000001892bef2738]
Event: 6.035 Thread 0x0000018941a5dc00 3778       3       org.jetbrains.kotlin.protobuf.CodedOutputStream::computeMessageSize (10 bytes)
Event: 6.035 Thread 0x0000018941a5dc00 nmethod 3778 0x000001892bef2890 code [0x000001892bef2a60, 0x000001892bef2da8]
Event: 6.035 Thread 0x0000018941a5dc00 3780       3       org.jetbrains.kotlin.metadata.ProtoBuf$Function::getSerializedSize (512 bytes)
Event: 6.038 Thread 0x0000018941a5dc00 nmethod 3780 0x000001892bef2f10 code [0x000001892bef35e0, 0x000001892bef6f78]
Event: 6.038 Thread 0x0000018941a5dc00 3779       3       org.jetbrains.kotlin.protobuf.CodedOutputStream::writeMessage (12 bytes)
Event: 6.039 Thread 0x0000018941a5dc00 nmethod 3779 0x000001892bef8310 code [0x000001892bef8500, 0x000001892bef8938]
Event: 6.039 Thread 0x0000018941a5dc00 3761       1       org.jetbrains.kotlin.metadata.jvm.JvmProtoBuf$StringTableTypes$Record::getRange (5 bytes)
Event: 6.039 Thread 0x0000018941a5dc00 nmethod 3761 0x0000018932e6de90 code [0x0000018932e6e020, 0x0000018932e6e0f8]
Event: 6.039 Thread 0x0000018941a5dc00 3762       1       org.jetbrains.kotlin.serialization.deserialization.DeserializationComponents::getConfiguration (5 bytes)
Event: 6.039 Thread 0x0000018941a5dc00 nmethod 3762 0x0000018932e6e190 code [0x0000018932e6e320, 0x0000018932e6e3f8]
Event: 6.039 Thread 0x0000018941a5dc00 3767       1       org.jetbrains.kotlin.metadata.jvm.JvmProtoBuf$StringTableTypes$Record::getOperation (5 bytes)
Event: 6.039 Thread 0x0000018941a5dc00 nmethod 3767 0x0000018932e6e490 code [0x0000018932e6e620, 0x0000018932e6e6f8]
Event: 6.039 Thread 0x0000018941a5dc00 3756       3       java.util.LinkedHashMap$LinkedEntrySet::<init> (10 bytes)
Event: 6.039 Thread 0x0000018941a5dc00 nmethod 3756 0x000001892bef8b10 code [0x000001892bef8cc0, 0x000001892bef8f38]
Event: 6.039 Thread 0x0000018941a5dc00 3781   !   3       org.jetbrains.kotlin.metadata.ProtoBuf$Property::<init> (1283 bytes)

GC Heap History (14 events):
Event: 0.950 GC heap before
{Heap before GC invocations=0 (full 0):
 garbage-first heap   total 131072K, used 26624K [0x0000000081c00000, 0x0000000100000000)
  region size 1024K, 23 young (23552K), 0 survivors (0K)
 Metaspace       used 6135K, committed 6272K, reserved 1114112K
  class space    used 584K, committed 640K, reserved 1048576K
}
Event: 0.956 GC heap after
{Heap after GC invocations=1 (full 0):
 garbage-first heap   total 131072K, used 6293K [0x0000000081c00000, 0x0000000100000000)
  region size 1024K, 3 young (3072K), 3 survivors (3072K)
 Metaspace       used 6135K, committed 6272K, reserved 1114112K
  class space    used 584K, committed 640K, reserved 1048576K
}
Event: 2.509 GC heap before
{Heap before GC invocations=1 (full 0):
 garbage-first heap   total 131072K, used 38037K [0x0000000081c00000, 0x0000000100000000)
  region size 1024K, 34 young (34816K), 3 survivors (3072K)
 Metaspace       used 13852K, committed 14144K, reserved 1114112K
  class space    used 1596K, committed 1728K, reserved 1048576K
}
Event: 2.526 GC heap after
{Heap after GC invocations=2 (full 0):
 garbage-first heap   total 131072K, used 9950K [0x0000000081c00000, 0x0000000100000000)
  region size 1024K, 4 young (4096K), 4 survivors (4096K)
 Metaspace       used 13852K, committed 14144K, reserved 1114112K
  class space    used 1596K, committed 1728K, reserved 1048576K
}
Event: 3.592 GC heap before
{Heap before GC invocations=2 (full 0):
 garbage-first heap   total 131072K, used 41694K [0x0000000081c00000, 0x0000000100000000)
  region size 1024K, 33 young (33792K), 4 survivors (4096K)
 Metaspace       used 21299K, committed 21504K, reserved 1114112K
  class space    used 2531K, committed 2624K, reserved 1048576K
}
Event: 3.602 GC heap after
{Heap after GC invocations=3 (full 0):
 garbage-first heap   total 131072K, used 15228K [0x0000000081c00000, 0x0000000100000000)
  region size 1024K, 6 young (6144K), 6 survivors (6144K)
 Metaspace       used 21299K, committed 21504K, reserved 1114112K
  class space    used 2531K, committed 2624K, reserved 1048576K
}
Event: 4.409 GC heap before
{Heap before GC invocations=4 (full 0):
 garbage-first heap   total 58368K, used 45948K [0x0000000081c00000, 0x0000000100000000)
  region size 1024K, 34 young (34816K), 6 survivors (6144K)
 Metaspace       used 25383K, committed 25664K, reserved 1114112K
  class space    used 3448K, committed 3584K, reserved 1048576K
}
Event: 4.438 GC heap after
{Heap after GC invocations=5 (full 0):
 garbage-first heap   total 58368K, used 22310K [0x0000000081c00000, 0x0000000100000000)
  region size 1024K, 5 young (5120K), 5 survivors (5120K)
 Metaspace       used 25383K, committed 25664K, reserved 1114112K
  class space    used 3448K, committed 3584K, reserved 1048576K
}
Event: 4.472 GC heap before
{Heap before GC invocations=5 (full 0):
 garbage-first heap   total 58368K, used 23334K [0x0000000081c00000, 0x0000000100000000)
  region size 1024K, 6 young (6144K), 5 survivors (5120K)
 Metaspace       used 25739K, committed 25984K, reserved 1114112K
  class space    used 3484K, committed 3584K, reserved 1048576K
}
Event: 4.480 GC heap after
{Heap after GC invocations=6 (full 0):
 garbage-first heap   total 58368K, used 23548K [0x0000000081c00000, 0x0000000100000000)
  region size 1024K, 1 young (1024K), 1 survivors (1024K)
 Metaspace       used 25739K, committed 25984K, reserved 1114112K
  class space    used 3484K, committed 3584K, reserved 1048576K
}
Event: 4.839 GC heap before
{Heap before GC invocations=6 (full 0):
 garbage-first heap   total 58368K, used 41980K [0x0000000081c00000, 0x0000000100000000)
  region size 1024K, 20 young (20480K), 1 survivors (1024K)
 Metaspace       used 28958K, committed 29248K, reserved 1114112K
  class space    used 3836K, committed 3968K, reserved 1048576K
}
Event: 4.844 GC heap after
{Heap after GC invocations=7 (full 0):
 garbage-first heap   total 99328K, used 22916K [0x0000000081c00000, 0x0000000100000000)
  region size 1024K, 3 young (3072K), 3 survivors (3072K)
 Metaspace       used 28958K, committed 29248K, reserved 1114112K
  class space    used 3836K, committed 3968K, reserved 1048576K
}
Event: 5.567 GC heap before
{Heap before GC invocations=7 (full 0):
 garbage-first heap   total 99328K, used 60804K [0x0000000081c00000, 0x0000000100000000)
  region size 1024K, 42 young (43008K), 3 survivors (3072K)
 Metaspace       used 35355K, committed 36160K, reserved 1114112K
  class space    used 4545K, committed 4992K, reserved 1048576K
}
Event: 5.585 GC heap after
{Heap after GC invocations=8 (full 0):
 garbage-first heap   total 99328K, used 26624K [0x0000000081c00000, 0x0000000100000000)
  region size 1024K, 6 young (6144K), 6 survivors (6144K)
 Metaspace       used 35355K, committed 36160K, reserved 1114112K
  class space    used 4545K, committed 4992K, reserved 1048576K
}

Deoptimization events (20 events):
Event: 5.954 Thread 0x00000189238dfd40 DEOPT PACKING pc=0x0000018932dd4c0c sp=0x0000007a4eefd040
Event: 5.954 Thread 0x00000189238dfd40 DEOPT UNPACKING pc=0x000001892b2723a3 sp=0x0000007a4eefcfd0 mode 2
Event: 5.957 Thread 0x00000189238dfd40 Uncommon trap: trap_request=0xffffffc6 fr.pc=0x0000018932dd4c0c relative=0x000000000000034c
Event: 5.957 Thread 0x00000189238dfd40 Uncommon trap: reason=bimorphic_or_optimized_type_check action=maybe_recompile pc=0x0000018932dd4c0c method=org.jetbrains.kotlin.protobuf.CodedInputStream.tryRefillBuffer(I)Z @ 177 c2
Event: 5.957 Thread 0x00000189238dfd40 DEOPT PACKING pc=0x0000018932dd4c0c sp=0x0000007a4eefd040
Event: 5.958 Thread 0x00000189238dfd40 DEOPT UNPACKING pc=0x000001892b2723a3 sp=0x0000007a4eefcfd0 mode 2
Event: 5.970 Thread 0x00000189238dfd40 DEOPT PACKING pc=0x000001892bad717e sp=0x0000007a4eefca20
Event: 5.970 Thread 0x00000189238dfd40 DEOPT UNPACKING pc=0x000001892b272b43 sp=0x0000007a4eefbe90 mode 0
Event: 6.006 Thread 0x00000189238dfd40 DEOPT PACKING pc=0x000001892bad717e sp=0x0000007a4eefb950
Event: 6.006 Thread 0x00000189238dfd40 DEOPT UNPACKING pc=0x000001892b272b43 sp=0x0000007a4eefadc0 mode 0
Event: 6.010 Thread 0x00000189238dfd40 DEOPT PACKING pc=0x000001892bad717e sp=0x0000007a4eefb790
Event: 6.010 Thread 0x00000189238dfd40 DEOPT UNPACKING pc=0x000001892b272b43 sp=0x0000007a4eefac00 mode 0
Event: 6.013 Thread 0x00000189238dfd40 DEOPT PACKING pc=0x000001892be7afe5 sp=0x0000007a4eefbd70
Event: 6.013 Thread 0x00000189238dfd40 DEOPT UNPACKING pc=0x000001892b272b43 sp=0x0000007a4eefb1e8 mode 0
Event: 6.014 Thread 0x00000189238dfd40 DEOPT PACKING pc=0x000001892bad717e sp=0x0000007a4eefb990
Event: 6.014 Thread 0x00000189238dfd40 DEOPT UNPACKING pc=0x000001892b272b43 sp=0x0000007a4eefae00 mode 0
Event: 6.016 Thread 0x00000189238dfd40 DEOPT PACKING pc=0x000001892bb760be sp=0x0000007a4eefb7a0
Event: 6.016 Thread 0x00000189238dfd40 DEOPT UNPACKING pc=0x000001892b272b43 sp=0x0000007a4eefac18 mode 0
Event: 6.018 Thread 0x00000189238dfd40 DEOPT PACKING pc=0x000001892bad717e sp=0x0000007a4eefb9a0
Event: 6.018 Thread 0x00000189238dfd40 DEOPT UNPACKING pc=0x000001892b272b43 sp=0x0000007a4eefae10 mode 0

Classes loaded (20 events):
Event: 5.618 Loading class java/util/EmptyStackException
Event: 5.618 Loading class java/util/EmptyStackException done
Event: 5.628 Loading class java/util/BitSet
Event: 5.628 Loading class java/util/BitSet done
Event: 5.630 Loading class java/util/PrimitiveIterator$OfInt
Event: 5.630 Loading class java/util/PrimitiveIterator
Event: 5.630 Loading class java/util/PrimitiveIterator done
Event: 5.630 Loading class java/util/PrimitiveIterator$OfInt done
Event: 5.689 Loading class java/util/function/IntUnaryOperator
Event: 5.689 Loading class java/util/function/IntUnaryOperator done
Event: 5.769 Loading class java/util/AbstractList$SubList
Event: 5.769 Loading class java/util/AbstractList$SubList done
Event: 5.769 Loading class java/util/AbstractList$SubList$1
Event: 5.769 Loading class java/util/AbstractList$SubList$1 done
Event: 5.769 Loading class java/util/AbstractList$ListItr
Event: 5.769 Loading class java/util/AbstractList$ListItr done
Event: 5.863 Loading class java/text/StringCharacterIterator
Event: 5.863 Loading class java/text/CharacterIterator
Event: 5.863 Loading class java/text/CharacterIterator done
Event: 5.863 Loading class java/text/StringCharacterIterator done

Classes unloaded (0 events):
No events

Classes redefined (0 events):
No events

Internal exceptions (20 events):
Event: 5.299 Thread 0x00000189238dfd40 Exception <a 'java/lang/NoSuchMethodError'{0x00000000864e2d68}: 'java.lang.Object java.lang.invoke.DirectMethodHandle$Holder.invokeStatic(java.lang.Object, java.lang.Object, java.lang.Object, java.lang.Object, java.lang.Object, java.lang.Object, java.lang.Object, java.lang.Object, java.lang.Object, java.lang.Object, java.lang.Object, java.lang.Object, java.lang.Object, java.lang.Object, java.lang.Object, java.lang.Object, java.lang.Object, java.lang.Object, java.lang.Object, java.lang.Object, java.lang.Obj
Event: 5.301 Thread 0x00000189238dfd40 Exception <a 'java/lang/NoSuchMethodError'{0x0000000086313608}: 'java.lang.Object java.lang.invoke.DirectMethodHandle$Holder.invokeStatic(java.lang.Object, java.lang.Object, java.lang.Object, java.lang.Object, java.lang.Object, java.lang.Object, java.lang.Object, java.lang.Object, java.lang.Object, java.lang.Object, java.lang.Object, java.lang.Object, java.lang.Object, java.lang.Object, java.lang.Object, java.lang.Object, java.lang.Object, java.lang.Object, java.lang.Object, java.lang.Object, java.lang.Obj
Event: 5.310 Thread 0x00000189238dfd40 Exception <a 'java/lang/NoSuchMethodError'{0x0000000086385228}: 'java.lang.Object java.lang.invoke.DirectMethodHandle$Holder.newInvokeSpecial(java.lang.Object, java.lang.Object, java.lang.Object, java.lang.Object, java.lang.Object, java.lang.Object, java.lang.Object, java.lang.Object, java.lang.Object, java.lang.Object)'> (0x0000000086385228) 
thrown [s\open\src\hotspot\share\interpreter\linkResolver.cpp, line 759]
Event: 5.311 Thread 0x00000189238dfd40 Exception <a 'java/lang/NoSuchMethodError'{0x000000008638a088}: 'java.lang.Object java.lang.invoke.DirectMethodHandle$Holder.invokeSpecial(java.lang.Object, java.lang.Object, java.lang.Object, java.lang.Object, java.lang.Object, java.lang.Object, java.lang.Object, java.lang.Object, java.lang.Object, java.lang.Object, java.lang.Object)'> (0x000000008638a088) 
thrown [s\open\src\hotspot\share\interpreter\linkResolver.cpp, line 759]
Event: 5.323 Thread 0x00000189238dfd40 Exception <a 'java/lang/NoSuchMethodError'{0x000000008625de70}: 'java.lang.Object java.lang.invoke.DirectMethodHandle$Holder.newInvokeSpecial(java.lang.Object, java.lang.Object, java.lang.Object, java.lang.Object, java.lang.Object, java.lang.Object, java.lang.Object, java.lang.Object, java.lang.Object, java.lang.Object, java.lang.Object, java.lang.Object, java.lang.Object, java.lang.Object, java.lang.Object, java.lang.Object, java.lang.Object, java.lang.Object, java.lang.Object, java.lang.Object)'> (0x0000
Event: 5.324 Thread 0x00000189238dfd40 Exception <a 'java/lang/NoSuchMethodError'{0x0000000086264118}: 'java.lang.Object java.lang.invoke.DirectMethodHandle$Holder.invokeSpecial(java.lang.Object, java.lang.Object, java.lang.Object, java.lang.Object, java.lang.Object, java.lang.Object, java.lang.Object, java.lang.Object, java.lang.Object, java.lang.Object, java.lang.Object, java.lang.Object, java.lang.Object, java.lang.Object, java.lang.Object, java.lang.Object, java.lang.Object, java.lang.Object, java.lang.Object, java.lang.Object, java.lang.Ob
Event: 5.324 Thread 0x00000189238dfd40 Exception <a 'java/lang/NoSuchMethodError'{0x0000000086269320}: 'java.lang.Object java.lang.invoke.DelegatingMethodHandle$Holder.reinvoke_L(java.lang.Object, java.lang.Object, java.lang.Object, java.lang.Object, java.lang.Object, java.lang.Object, java.lang.Object, java.lang.Object, java.lang.Object, java.lang.Object, java.lang.Object, java.lang.Object, java.lang.Object, java.lang.Object, java.lang.Object, java.lang.Object, java.lang.Object, java.lang.Object, java.lang.Object, java.lang.Object)'> (0x000000
Event: 5.430 Thread 0x00000189238dfd40 Exception <a 'java/lang/NoSuchMethodError'{0x0000000085c10170}: 'java.lang.Object java.lang.invoke.DirectMethodHandle$Holder.newInvokeSpecial(java.lang.Object, java.lang.Object, java.lang.Object, java.lang.Object, java.lang.Object, java.lang.Object, java.lang.Object, java.lang.Object, java.lang.Object, java.lang.Object, java.lang.Object, java.lang.Object, java.lang.Object, java.lang.Object, java.lang.Object, java.lang.Object)'> (0x0000000085c10170) 
thrown [s\open\src\hotspot\share\interpreter\linkResolver
Event: 5.431 Thread 0x00000189238dfd40 Exception <a 'java/lang/NoSuchMethodError'{0x0000000085c15af8}: 'java.lang.Object java.lang.invoke.DirectMethodHandle$Holder.invokeSpecial(java.lang.Object, java.lang.Object, java.lang.Object, java.lang.Object, java.lang.Object, java.lang.Object, java.lang.Object, java.lang.Object, java.lang.Object, java.lang.Object, java.lang.Object, java.lang.Object, java.lang.Object, java.lang.Object, java.lang.Object, java.lang.Object, java.lang.Object)'> (0x0000000085c15af8) 
thrown [s\open\src\hotspot\share\interpret
Event: 5.451 Thread 0x00000189238dfd40 Exception <a 'java/lang/NoSuchMethodError'{0x0000000085b26a48}: 'java.lang.Object java.lang.invoke.DirectMethodHandle$Holder.newInvokeSpecial(java.lang.Object, java.lang.Object, java.lang.Object, java.lang.Object, java.lang.Object, java.lang.Object, java.lang.Object, java.lang.Object, java.lang.Object, java.lang.Object, java.lang.Object, java.lang.Object, java.lang.Object, java.lang.Object, java.lang.Object, java.lang.Object, java.lang.Object, java.lang.Object, java.lang.Object, java.lang.Object, java.lang
Event: 5.452 Thread 0x00000189238dfd40 Exception <a 'java/lang/NoSuchMethodError'{0x0000000085b2d9f8}: 'java.lang.Object java.lang.invoke.DirectMethodHandle$Holder.invokeSpecial(java.lang.Object, java.lang.Object, java.lang.Object, java.lang.Object, java.lang.Object, java.lang.Object, java.lang.Object, java.lang.Object, java.lang.Object, java.lang.Object, java.lang.Object, java.lang.Object, java.lang.Object, java.lang.Object, java.lang.Object, java.lang.Object, java.lang.Object, java.lang.Object, java.lang.Object, java.lang.Object, java.lang.Ob
Event: 5.452 Thread 0x00000189238dfd40 Exception <a 'java/lang/NoSuchMethodError'{0x0000000085b33350}: 'java.lang.Object java.lang.invoke.DelegatingMethodHandle$Holder.reinvoke_L(java.lang.Object, java.lang.Object, java.lang.Object, java.lang.Object, java.lang.Object, java.lang.Object, java.lang.Object, java.lang.Object, java.lang.Object, java.lang.Object, java.lang.Object, java.lang.Object, java.lang.Object, java.lang.Object, java.lang.Object, java.lang.Object, java.lang.Object, java.lang.Object, java.lang.Object, java.lang.Object, java.lang.O
Event: 5.461 Thread 0x00000189238dfd40 Exception <a 'java/lang/NoSuchMethodError'{0x0000000085a04a80}: 'java.lang.Object java.lang.invoke.DirectMethodHandle$Holder.invokeStatic(java.lang.Object, java.lang.Object, java.lang.Object, java.lang.Object, java.lang.Object, java.lang.Object, java.lang.Object, java.lang.Object, java.lang.Object, java.lang.Object, java.lang.Object, java.lang.Object, java.lang.Object, java.lang.Object, java.lang.Object, java.lang.Object, java.lang.Object, java.lang.Object, java.lang.Object, java.lang.Object, java.lang.Obj
Event: 5.463 Thread 0x00000189238dfd40 Exception <a 'java/lang/NoSuchMethodError'{0x0000000085a37320}: 'java.lang.Object java.lang.invoke.DirectMethodHandle$Holder.invokeStatic(java.lang.Object, java.lang.Object, java.lang.Object, java.lang.Object, java.lang.Object, java.lang.Object, java.lang.Object, java.lang.Object, java.lang.Object, java.lang.Object, java.lang.Object, java.lang.Object, java.lang.Object, java.lang.Object, java.lang.Object, java.lang.Object, java.lang.Object, java.lang.Object, java.lang.Object, java.lang.Object, java.lang.Obj
Event: 5.477 Thread 0x00000189238dfd40 Exception <a 'java/lang/NoSuchMethodError'{0x0000000085abbfe8}: 'java.lang.Object java.lang.invoke.DirectMethodHandle$Holder.newInvokeSpecial(java.lang.Object, java.lang.Object, java.lang.Object, java.lang.Object, java.lang.Object, java.lang.Object, java.lang.Object, java.lang.Object, java.lang.Object, java.lang.Object, java.lang.Object, java.lang.Object, java.lang.Object)'> (0x0000000085abbfe8) 
thrown [s\open\src\hotspot\share\interpreter\linkResolver.cpp, line 759]
Event: 5.478 Thread 0x00000189238dfd40 Exception <a 'java/lang/NoSuchMethodError'{0x0000000085ac1158}: 'java.lang.Object java.lang.invoke.DirectMethodHandle$Holder.invokeSpecial(java.lang.Object, java.lang.Object, java.lang.Object, java.lang.Object, java.lang.Object, java.lang.Object, java.lang.Object, java.lang.Object, java.lang.Object, java.lang.Object, java.lang.Object, java.lang.Object, java.lang.Object, java.lang.Object)'> (0x0000000085ac1158) 
thrown [s\open\src\hotspot\share\interpreter\linkResolver.cpp, line 759]
Event: 5.505 Thread 0x00000189238dfd40 Exception <a 'java/lang/NoSuchMethodError'{0x0000000085839300}: 'java.lang.Object java.lang.invoke.DirectMethodHandle$Holder.newInvokeSpecial(java.lang.Object, java.lang.Object, java.lang.Object, java.lang.Object, java.lang.Object, java.lang.Object, java.lang.Object, java.lang.Object, java.lang.Object, java.lang.Object, java.lang.Object, java.lang.Object, java.lang.Object, java.lang.Object, java.lang.Object, java.lang.Object, java.lang.Object, java.lang.Object, java.lang.Object)'> (0x0000000085839300) 
thr
Event: 5.505 Thread 0x00000189238dfd40 Exception <a 'java/lang/NoSuchMethodError'{0x000000008583f300}: 'java.lang.Object java.lang.invoke.DirectMethodHandle$Holder.invokeSpecial(java.lang.Object, java.lang.Object, java.lang.Object, java.lang.Object, java.lang.Object, java.lang.Object, java.lang.Object, java.lang.Object, java.lang.Object, java.lang.Object, java.lang.Object, java.lang.Object, java.lang.Object, java.lang.Object, java.lang.Object, java.lang.Object, java.lang.Object, java.lang.Object, java.lang.Object, java.lang.Object)'> (0x0000000
Event: 5.505 Thread 0x00000189238dfd40 Exception <a 'java/lang/NoSuchMethodError'{0x0000000085844300}: 'java.lang.Object java.lang.invoke.DelegatingMethodHandle$Holder.reinvoke_L(java.lang.Object, java.lang.Object, java.lang.Object, java.lang.Object, java.lang.Object, java.lang.Object, java.lang.Object, java.lang.Object, java.lang.Object, java.lang.Object, java.lang.Object, java.lang.Object, java.lang.Object, java.lang.Object, java.lang.Object, java.lang.Object, java.lang.Object, java.lang.Object, java.lang.Object)'> (0x0000000085844300) 
throw
Event: 5.690 Thread 0x00000189238dfd40 Exception <a 'java/lang/NoSuchMethodError'{0x000000008763d698}: 'java.lang.Object java.lang.invoke.DirectMethodHandle$Holder.newInvokeSpecial(java.lang.Object, java.lang.Object, int)'> (0x000000008763d698) 
thrown [s\open\src\hotspot\share\interpreter\linkResolver.cpp, line 759]

VM Operations (20 events):
Event: 4.472 Executing VM operation: G1CollectForAllocation
Event: 4.480 Executing VM operation: G1CollectForAllocation done
Event: 4.839 Executing VM operation: G1CollectForAllocation
Event: 4.844 Executing VM operation: G1CollectForAllocation done
Event: 4.988 Executing VM operation: HandshakeAllThreads
Event: 4.988 Executing VM operation: HandshakeAllThreads done
Event: 5.567 Executing VM operation: CollectForMetadataAllocation
Event: 5.585 Executing VM operation: CollectForMetadataAllocation done
Event: 5.613 Executing VM operation: G1Concurrent
Event: 5.616 Executing VM operation: G1Concurrent done
Event: 5.626 Executing VM operation: G1Concurrent
Event: 5.626 Executing VM operation: G1Concurrent done
Event: 5.769 Executing VM operation: HandshakeAllThreads
Event: 5.769 Executing VM operation: HandshakeAllThreads done
Event: 5.798 Executing VM operation: HandshakeAllThreads
Event: 5.798 Executing VM operation: HandshakeAllThreads done
Event: 5.817 Executing VM operation: HandshakeAllThreads
Event: 5.817 Executing VM operation: HandshakeAllThreads done
Event: 5.948 Executing VM operation: HandshakeAllThreads
Event: 5.948 Executing VM operation: HandshakeAllThreads done

Events (20 events):
Event: 0.034 Thread 0x0000018941a481c0 Thread added: 0x0000018941a481c0
Event: 0.034 Thread 0x0000018941a48a70 Thread added: 0x0000018941a48a70
Event: 0.034 Thread 0x0000018941a4b330 Thread added: 0x0000018941a4b330
Event: 0.034 Thread 0x0000018941a506c0 Thread added: 0x0000018941a506c0
Event: 0.034 Thread 0x0000018941a5dc00 Thread added: 0x0000018941a5dc00
Event: 0.035 Thread 0x0000018941a60930 Thread added: 0x0000018941a60930
Event: 0.055 Thread 0x0000018945c9aef0 Thread added: 0x0000018945c9aef0
Event: 0.062 Thread 0x0000018945ca0050 Thread added: 0x0000018945ca0050
Event: 0.077 Loaded shared library C:\Program Files\Java\jdk-18.0.2.1\bin\net.dll
Event: 0.080 Loaded shared library C:\Program Files\Java\jdk-18.0.2.1\bin\nio.dll
Event: 0.095 Thread 0x0000018945cbf320 Thread added: 0x0000018945cbf320
Event: 0.113 Loaded shared library C:\Program Files\Java\jdk-18.0.2.1\bin\zip.dll
Event: 0.156 Loaded shared library C:\Program Files\Java\jdk-18.0.2.1\bin\jimage.dll
Event: 0.399 Thread 0x0000018945cbf320 Thread exited: 0x0000018945cbf320
Event: 0.421 Thread 0x0000018945ea4050 Thread added: 0x0000018945ea4050
Event: 1.420 Thread 0x0000018945ea4050 Thread exited: 0x0000018945ea4050
Event: 2.040 Loaded shared library C:\Program Files\Java\jdk-18.0.2.1\bin\verify.dll
Event: 3.944 Thread 0x000001894708b840 Thread added: 0x000001894708b840
Event: 4.350 Thread 0x000001894708b840 Thread exited: 0x000001894708b840
Event: 4.753 Thread 0x0000018947721440 Thread added: 0x0000018947721440


Dynamic libraries:
0x00007ff796210000 - 0x00007ff796220000 	C:\Program Files\Java\jdk-18.0.2.1\bin\java.exe
0x00007ffdb9b50000 - 0x00007ffdb9d45000 	C:\Windows\SYSTEM32\ntdll.dll
0x00007ffdb7fc0000 - 0x00007ffdb807e000 	C:\Windows\System32\KERNEL32.DLL
0x00007ffdb7450000 - 0x00007ffdb7718000 	C:\Windows\System32\KERNELBASE.dll
0x00007ffdb7350000 - 0x00007ffdb7450000 	C:\Windows\System32\ucrtbase.dll
0x00007ffd976b0000 - 0x00007ffd976c8000 	C:\Program Files\Java\jdk-18.0.2.1\bin\jli.dll
0x00007ffd92660000 - 0x00007ffd9267a000 	C:\Program Files\Java\jdk-18.0.2.1\bin\VCRUNTIME140.dll
0x00007ffdb7c60000 - 0x00007ffdb7d0e000 	C:\Windows\System32\ADVAPI32.dll
0x00007ffdb9110000 - 0x00007ffdb91ae000 	C:\Windows\System32\msvcrt.dll
0x00007ffdb8810000 - 0x00007ffdb88ac000 	C:\Windows\System32\sechost.dll
0x00007ffdb8080000 - 0x00007ffdb81a5000 	C:\Windows\System32\RPCRT4.dll
0x00007ffdb9970000 - 0x00007ffdb9b10000 	C:\Windows\System32\USER32.dll
0x00007ffda0e20000 - 0x00007ffda10ba000 	C:\Windows\WinSxS\amd64_microsoft.windows.common-controls_6595b64144ccf1df_6.0.19041.1110_none_60b5254171f9507e\COMCTL32.dll
0x00007ffdb7890000 - 0x00007ffdb78b2000 	C:\Windows\System32\win32u.dll
0x00007ffdb9940000 - 0x00007ffdb996b000 	C:\Windows\System32\GDI32.dll
0x00007ffdb7930000 - 0x00007ffdb7a3d000 	C:\Windows\System32\gdi32full.dll
0x00007ffdb72b0000 - 0x00007ffdb734d000 	C:\Windows\System32\msvcp_win.dll
0x00007ffdaf540000 - 0x00007ffdaf54a000 	C:\Windows\SYSTEM32\VERSION.dll
0x00007ffdb90e0000 - 0x00007ffdb9110000 	C:\Windows\System32\IMM32.DLL
0x00007ffda4dd0000 - 0x00007ffda4ddc000 	C:\Program Files\Java\jdk-18.0.2.1\bin\vcruntime140_1.dll
0x00007ffd85380000 - 0x00007ffd8540d000 	C:\Program Files\Java\jdk-18.0.2.1\bin\msvcp140.dll
0x00007ffd75bb0000 - 0x00007ffd767c1000 	C:\Program Files\Java\jdk-18.0.2.1\bin\server\jvm.dll
0x00007ffda3110000 - 0x00007ffda3119000 	C:\Windows\SYSTEM32\WSOCK32.dll
0x00007ffdb8800000 - 0x00007ffdb8808000 	C:\Windows\System32\PSAPI.DLL
0x00007ffdb98d0000 - 0x00007ffdb993b000 	C:\Windows\System32\WS2_32.dll
0x00007ffda0a10000 - 0x00007ffda0a37000 	C:\Windows\SYSTEM32\WINMM.dll
0x00007ffdb5b30000 - 0x00007ffdb5b42000 	C:\Windows\SYSTEM32\kernel.appcore.dll
0x00007ffda20e0000 - 0x00007ffda20ea000 	C:\Program Files\Java\jdk-18.0.2.1\bin\jimage.dll
0x00007ffdb1700000 - 0x00007ffdb18e4000 	C:\Windows\SYSTEM32\DBGHELP.DLL
0x00007ffda12b0000 - 0x00007ffda12dc000 	C:\Windows\SYSTEM32\dbgcore.DLL
0x00007ffdb7720000 - 0x00007ffdb77a2000 	C:\Windows\System32\bcryptPrimitives.dll
0x00007ffd8fb40000 - 0x00007ffd8fb65000 	C:\Program Files\Java\jdk-18.0.2.1\bin\java.dll
0x00007ffd81460000 - 0x00007ffd81536000 	C:\Program Files\Java\jdk-18.0.2.1\bin\jsvml.dll
0x00007ffdb88b0000 - 0x00007ffdb8ff4000 	C:\Windows\System32\SHELL32.dll
0x00007ffdb51e0000 - 0x00007ffdb5974000 	C:\Windows\SYSTEM32\windows.storage.dll
0x00007ffdb8260000 - 0x00007ffdb85b5000 	C:\Windows\System32\combase.dll
0x00007ffdb6cb0000 - 0x00007ffdb6cde000 	C:\Windows\SYSTEM32\Wldp.dll
0x00007ffdb81b0000 - 0x00007ffdb825d000 	C:\Windows\System32\SHCORE.dll
0x00007ffdb9000000 - 0x00007ffdb9055000 	C:\Windows\System32\shlwapi.dll
0x00007ffdb71a0000 - 0x00007ffdb71bf000 	C:\Windows\SYSTEM32\profapi.dll
0x00007ffd90cc0000 - 0x00007ffd90cd3000 	C:\Program Files\Java\jdk-18.0.2.1\bin\net.dll
0x00007ffdaaf50000 - 0x00007ffdab05c000 	C:\Windows\SYSTEM32\WINHTTP.dll
0x00007ffdb69a0000 - 0x00007ffdb6a0a000 	C:\Windows\system32\mswsock.dll
0x00007ffd8cd30000 - 0x00007ffd8cd46000 	C:\Program Files\Java\jdk-18.0.2.1\bin\nio.dll
0x00007ffd8bbc0000 - 0x00007ffd8bbd8000 	C:\Program Files\Java\jdk-18.0.2.1\bin\zip.dll
0x00007ffd9f3b0000 - 0x00007ffd9f3c0000 	C:\Program Files\Java\jdk-18.0.2.1\bin\verify.dll

dbghelp: loaded successfully - version: 4.0.5 - missing functions: none
symbol engine: initialized successfully - sym options: 0x614 - pdb path: .;C:\Program Files\Java\jdk-18.0.2.1\bin;C:\Windows\SYSTEM32;C:\Windows\WinSxS\amd64_microsoft.windows.common-controls_6595b64144ccf1df_6.0.19041.1110_none_60b5254171f9507e;C:\Program Files\Java\jdk-18.0.2.1\bin\server

VM Arguments:
java_command: org.jetbrains.kotlin.cli.jvm.K2JVMCompiler @D:\Android\projects\AndroidStudioProjects\Notes\app\build\20220926_682309983085238549.compiler.options
java_class_path (initial): C:\Users\user\.gradle\caches\modules-2\files-2.1\org.jetbrains.kotlin\kotlin-compiler-embeddable\1.7.10\909803167c98606fcf22b4c848647c68e351d48d\kotlin-compiler-embeddable-1.7.10.jar;C:\Users\user\.gradle\caches\modules-2\files-2.1\org.jetbrains.kotlin\kotlin-reflect\1.7.10\165e600dfea6185cf5efa700756294cc4904dbeb\kotlin-reflect-1.7.10.jar;C:\Users\user\.gradle\caches\modules-2\files-2.1\org.jetbrains.kotlin\kotlin-stdlib\1.7.10\d2abf9e77736acc4450dc4a3f707fa2c10f5099d\kotlin-stdlib-1.7.10.jar;C:\Users\user\.gradle\caches\modules-2\files-2.1\org.jetbrains.kotlin\kotlin-script-runtime\1.7.10\c99c87a6988d8fd8d5142e9ed5c9f34a7cf561ee\kotlin-script-runtime-1.7.10.jar;C:\Users\user\.gradle\caches\modules-2\files-2.1\org.jetbrains.kotlin\kotlin-daemon-embeddable\1.7.10\3a9f7aef7080d3ae63126cbba4f827ed664f32fa\kotlin-daemon-embeddable-1.7.10.jar;C:\Users\user\.gradle\caches\modules-2\files-2.1\org.jetbrains.intellij.deps\trove4j\1.0.20200330\3afb14d5f9ceb459d724e907a21145e8ff394f02\trove4j-1.0.20200330.jar;C:\Users\user\.gradle\caches\modules-2\files-2.1\net.java.dev.jna\jna\5.6.0\330f2244e9030119ab3030fc3fededc86713d9cc\jna-5.6.0.jar;C:\Users\user\.gradle\caches\modules-2\files-2.1\org.jetbrains.kotlin\kotlin-stdlib-common\1.7.10\bac80c520d0a9e3f3673bc2658c6ed02ef45a76a\kotlin-stdlib-common-1.7.10.jar;C:\Users\user\.gradle\caches\modules-2\files-2.1\org.jetbrains\annotations\13.0\919f0dfe192fb4e063e7dacadee7f8bb9a2672a9\annotations-13.0.jar
Launcher Type: SUN_STANDARD

[Global flags]
     intx CICompilerCount                          = 4                                         {product} {ergonomic}
     uint ConcGCThreads                            = 2                                         {product} {ergonomic}
     uint G1ConcRefinementThreads                  = 8                                         {product} {ergonomic}
   size_t G1HeapRegionSize                         = 1048576                                   {product} {ergonomic}
    uintx GCDrainStackTargetSize                   = 64                                        {product} {ergonomic}
   size_t InitialHeapSize                          = 134217728                                 {product} {ergonomic}
   size_t MarkStackSize                            = 4194304                                   {product} {ergonomic}
   size_t MaxHeapSize                              = 2118123520                                {product} {ergonomic}
   size_t MaxNewSize                               = 1270874112                                {product} {ergonomic}
   size_t MinHeapDeltaBytes                        = 1048576                                   {product} {ergonomic}
   size_t MinHeapSize                              = 8388608                                   {product} {ergonomic}
    uintx NonNMethodCodeHeapSize                   = 5839372                                {pd product} {ergonomic}
    uintx NonProfiledCodeHeapSize                  = 122909434                              {pd product} {ergonomic}
    uintx ProfiledCodeHeapSize                     = 122909434                              {pd product} {ergonomic}
    uintx ReservedCodeCacheSize                    = 251658240                              {pd product} {ergonomic}
     bool SegmentedCodeCache                       = true                                      {product} {ergonomic}
   size_t SoftMaxHeapSize                          = 2118123520                             {manageable} {ergonomic}
     bool UseCompressedClassPointers               = true                           {product lp64_product} {ergonomic}
     bool UseCompressedOops                        = true                           {product lp64_product} {ergonomic}
     bool UseG1GC                                  = true                                      {product} {ergonomic}
     bool UseLargePagesIndividualAllocation        = false                                  {pd product} {ergonomic}

Logging:
Log output configuration:
 #0: stdout all=warning uptime,level,tags foldmultilines=false
 #1: stderr all=off uptime,level,tags foldmultilines=false

Environment Variables:
PATH=C:\Program Files\Common Files\Oracle\Java\javapath;C:\Program Files (x86)\Intel\iCLS Client\;C:\Program Files\Intel\iCLS Client\;C:\Windows\system32;C:\Windows;C:\Windows\System32\Wbem;C:\Windows\System32\WindowsPowerShell\v1.0\;C:\Windows\System32\OpenSSH\;C:\Program Files (x86)\NVIDIA Corporation\PhysX\Common;C:\Program Files (x86)\Intel\Intel(R) Management Engine Components\DAL;C:\Program Files\Intel\Intel(R) Management Engine Components\DAL;C:\Program Files (x86)\Intel\Intel(R) Management Engine Components\IPT;C:\Program Files\Intel\Intel(R) Management Engine Components\IPT;C:\Program Files\Git\cmd;C:\Program Files\dotnet\;C:\Users\user\AppData\Local\Microsoft\WindowsApps;
USERNAME=user
OS=Windows_NT
PROCESSOR_IDENTIFIER=Intel64 Family 6 Model 142 Stepping 10, GenuineIntel



---------------  S Y S T E M  ---------------

OS:
 Windows 10 , 64 bit Build 19041 (10.0.19041.1503)
OS uptime: 13 days 16:25 hours

CPU: total 8 (initial active 8) (4 cores per cpu, 2 threads per core) family 6 model 142 stepping 10 microcode 0xb4, cx8, cmov, fxsr, ht, mmx, 3dnowpref, sse, sse2, sse3, ssse3, sse4.1, sse4.2, popcnt, lzcnt, tsc, tscinvbit, avx, avx2, aes, erms, clmul, bmi1, bmi2, adx, fma, vzeroupper, clflush, clflushopt

Memory: 4k page, system-wide physical 8074M (353M free)
TotalPageFile size 17871M (AvailPageFile size 9M)
current process WorkingSet (physical memory assigned to process): 221M, peak: 223M
current process commit charge ("private bytes"): 266M, peak: 269M

vm_info: Java HotSpot(TM) 64-Bit Server VM (18.0.2.1+1-1) for windows-amd64 JRE (18.0.2.1+1-1), built on Aug 16 2022 01:46:33 by "mach5one" with MS VC++ 16.8 / 16.9 (VS2019)

END.
